build/app/intermediates/manifest_merge_blame_file/debug/manifest-merger-blame-debug-report.txt
1<?xml version="1.0" encoding="utf-8"?>
2<manifest xmlns:android="http://schemas.android.com/apk/res/android"
3    package="com.schoolbusbd.bus"
4    android:versionCode="1"
5    android:versionName="1.0.0" >
6
7    <uses-sdk
8        android:minSdkVersion="21"
9        android:targetSdkVersion="33" />
10    <!--
11         The INTERNET permission is required for development. Specifically,
12         the Flutter tool needs it to communicate with the running application
13         to allow setting breakpoints, to provide hot reload, etc.
14    -->
15    <uses-permission android:name="android.permission.INTERNET" />
15-->src\main\AndroidManifest.xml:5:5-67
15-->src\main\AndroidManifest.xml:5:22-64
16    <uses-permission android:name="android.permission.POST_NOTIFICATIONS" />
16-->src\main\AndroidManifest.xml:6:7-78
16-->src\main\AndroidManifest.xml:6:24-76
17    <uses-permission android:name="android.permission.FOREGROUND_SERVICE" />
17-->src\main\AndroidManifest.xml:7:7-79
17-->src\main\AndroidManifest.xml:7:24-76
18    <uses-permission android:name="android.permission.WAKE_LOCK" />
18-->[:firebase_messaging] AndroidManifest.xml:10:5-68
18-->[:firebase_messaging] AndroidManifest.xml:10:22-65
19    <uses-permission android:name="android.permission.ACCESS_NETWORK_STATE" />
19-->[:firebase_messaging] AndroidManifest.xml:11:5-79
19-->[:firebase_messaging] AndroidManifest.xml:11:22-76
20    <uses-permission android:name="android.permission.RECEIVE_BOOT_COMPLETED" />
20-->[:flutter_local_notifications] AndroidManifest.xml:9:5-81
20-->[:flutter_local_notifications] AndroidManifest.xml:9:22-78
21    <uses-permission android:name="android.permission.VIBRATE" />
21-->[:flutter_local_notifications] AndroidManifest.xml:10:5-66
21-->[:flutter_local_notifications] AndroidManifest.xml:10:22-63
22    <uses-permission android:name="android.permission.USE_FULL_SCREEN_INTENT" />
22-->[:flutter_local_notifications] AndroidManifest.xml:11:5-81
22-->[:flutter_local_notifications] AndroidManifest.xml:11:22-78
23    <uses-permission android:name="android.permission.SCHEDULE_EXACT_ALARM" />
23-->[:flutter_local_notifications] AndroidManifest.xml:12:5-79
23-->[:flutter_local_notifications] AndroidManifest.xml:12:22-76
24    <uses-permission android:name="android.permission.ACCESS_COARSE_LOCATION" />
24-->[:location] AndroidManifest.xml:9:5-81
24-->[:location] AndroidManifest.xml:9:22-78
25    <uses-permission android:name="android.permission.ACCESS_FINE_LOCATION" /> <!-- Required by older versions of Google Play services to create IID tokens -->
25-->[:location] AndroidManifest.xml:10:5-79
25-->[:location] AndroidManifest.xml:10:22-76
26    <uses-permission android:name="com.google.android.c2dm.permission.RECEIVE" />
26-->[com.google.firebase:firebase-messaging:23.2.0] AndroidManifest.xml:28:5-82
26-->[com.google.firebase:firebase-messaging:23.2.0] AndroidManifest.xml:28:22-79
27
28    <uses-feature
28-->[com.google.android.gms:play-services-maps:18.1.0] AndroidManifest.xml:26:5-28:35
29        android:glEsVersion="0x00020000"
29-->[com.google.android.gms:play-services-maps:18.1.0] AndroidManifest.xml:27:9-41
30        android:required="true" />
30-->[com.google.android.gms:play-services-maps:18.1.0] AndroidManifest.xml:28:9-32
31
32    <queries>
32-->[com.google.android.gms:play-services-maps:18.1.0] AndroidManifest.xml:30:5-34:15
33
34        <!-- Needs to be explicitly declared on Android R+ -->
35        <package android:name="com.google.android.apps.maps" />
35-->[com.google.android.gms:play-services-maps:18.1.0] AndroidManifest.xml:33:9-64
35-->[com.google.android.gms:play-services-maps:18.1.0] AndroidManifest.xml:33:18-61
36    </queries>
37
38    <application
39        android:name="android.app.Application"
40        android:appComponentFactory="androidx.core.app.CoreComponentFactory"
40-->[androidx.core:core:1.6.0] AndroidManifest.xml:24:18-86
41        android:debuggable="true"
42        android:icon="@mipmap/launcher_icon"
43        android:label="TripShipTask" >
44        <activity
45            android:name="com.schoolbusbd.bus.MainActivity"
46            android:configChanges="orientation|keyboardHidden|keyboard|screenSize|smallestScreenSize|locale|layoutDirection|fontScale|screenLayout|density|uiMode"
47            android:exported="true"
48            android:hardwareAccelerated="true"
49            android:launchMode="singleTop"
50            android:showWhenLocked="true"
51            android:theme="@style/LaunchTheme"
52            android:turnScreenOn="true"
53            android:windowSoftInputMode="adjustResize" >
54
55            <!--
56                 Specifies an Android theme to apply to this Activity as soon as
57                 the Android process has started. This theme is visible to the user
58                 while the Flutter UI initializes. After that, this theme continues
59                 to determine the Window background behind the Flutter UI.
60            -->
61            <meta-data
62                android:name="io.flutter.embedding.android.NormalTheme"
63                android:resource="@style/NormalTheme" />
64
65            <intent-filter>
66                <action android:name="android.intent.action.MAIN" />
67
68                <category android:name="android.intent.category.LAUNCHER" />
69            </intent-filter>
70        </activity>
71        <!--
72             Don't delete the meta-data below.
73             This is used by the Flutter tool to generate GeneratedPluginRegistrant.java
74        -->
75        <meta-data
76            android:name="flutterEmbedding"
77            android:value="2" />
78        <meta-data
79            android:name="com.google.firebase.messaging.default_notification_channel_id"
80            android:value="pushnotificationapp" />
81        <meta-data
82            android:name="com.google.android.geo.API_KEY"
83            android:value="AIzaSyDLMJOClhhQjkfepu0R8iOCIt7bUpUF0nU" />
84
85        <service
85-->[:firebase_messaging] AndroidManifest.xml:16:9-19:72
86            android:name="io.flutter.plugins.firebase.messaging.FlutterFirebaseMessagingBackgroundService"
86-->[:firebase_messaging] AndroidManifest.xml:17:13-107
87            android:exported="false"
87-->[:firebase_messaging] AndroidManifest.xml:18:13-37
88            android:permission="android.permission.BIND_JOB_SERVICE" />
88-->[:firebase_messaging] AndroidManifest.xml:19:13-69
89        <service
89-->[:firebase_messaging] AndroidManifest.xml:20:9-26:19
90            android:name="io.flutter.plugins.firebase.messaging.FlutterFirebaseMessagingService"
90-->[:firebase_messaging] AndroidManifest.xml:21:13-97
91            android:exported="false" >
91-->[:firebase_messaging] AndroidManifest.xml:22:13-37
92            <intent-filter>
92-->[:firebase_messaging] AndroidManifest.xml:23:13-25:29
93                <action android:name="com.google.firebase.MESSAGING_EVENT" />
93-->[:firebase_messaging] AndroidManifest.xml:24:17-78
93-->[:firebase_messaging] AndroidManifest.xml:24:25-75
94            </intent-filter>
95        </service>
96
97        <receiver
97-->[:firebase_messaging] AndroidManifest.xml:28:9-35:20
98            android:name="io.flutter.plugins.firebase.messaging.FlutterFirebaseMessagingReceiver"
98-->[:firebase_messaging] AndroidManifest.xml:29:13-98
99            android:exported="true"
99-->[:firebase_messaging] AndroidManifest.xml:30:13-36
100            android:permission="com.google.android.c2dm.permission.SEND" >
100-->[:firebase_messaging] AndroidManifest.xml:31:13-73
101            <intent-filter>
101-->[:firebase_messaging] AndroidManifest.xml:32:13-34:29
102                <action android:name="com.google.android.c2dm.intent.RECEIVE" />
102-->[:firebase_messaging] AndroidManifest.xml:33:17-81
102-->[:firebase_messaging] AndroidManifest.xml:33:25-78
103            </intent-filter>
104        </receiver>
105
106        <service
106-->[:firebase_messaging] AndroidManifest.xml:37:9-41:19
107            android:name="com.google.firebase.components.ComponentDiscoveryService"
107-->[:firebase_messaging] AndroidManifest.xml:37:18-89
108            android:directBootAware="true"
108-->[com.google.firebase:firebase-common:20.3.3] AndroidManifest.xml:34:13-43
109            android:exported="false" >
109-->[com.google.firebase:firebase-messaging:23.2.0] AndroidManifest.xml:54:13-37
110            <meta-data
110-->[:firebase_messaging] AndroidManifest.xml:38:13-40:85
111                android:name="com.google.firebase.components:io.flutter.plugins.firebase.messaging.FlutterFirebaseAppRegistrar"
111-->[:firebase_messaging] AndroidManifest.xml:39:17-128
112                android:value="com.google.firebase.components.ComponentRegistrar" />
112-->[:firebase_messaging] AndroidManifest.xml:40:17-82
113            <meta-data
113-->[:firebase_core] AndroidManifest.xml:11:13-13:85
114                android:name="com.google.firebase.components:io.flutter.plugins.firebase.core.FlutterFirebaseCoreRegistrar"
114-->[:firebase_core] AndroidManifest.xml:12:17-124
115                android:value="com.google.firebase.components.ComponentRegistrar" />
115-->[:firebase_core] AndroidManifest.xml:13:17-82
116            <meta-data
116-->[com.google.firebase:firebase-messaging:23.2.0] AndroidManifest.xml:55:13-57:85
117                android:name="com.google.firebase.components:com.google.firebase.messaging.FirebaseMessagingRegistrar"
117-->[com.google.firebase:firebase-messaging:23.2.0] AndroidManifest.xml:56:17-119
118                android:value="com.google.firebase.components.ComponentRegistrar" />
118-->[com.google.firebase:firebase-messaging:23.2.0] AndroidManifest.xml:57:17-82
119            <meta-data
119-->[com.google.firebase:firebase-datatransport:18.1.7] AndroidManifest.xml:27:13-29:85
120                android:name="com.google.firebase.components:com.google.firebase.datatransport.TransportRegistrar"
120-->[com.google.firebase:firebase-datatransport:18.1.7] AndroidManifest.xml:28:17-115
121                android:value="com.google.firebase.components.ComponentRegistrar" />
121-->[com.google.firebase:firebase-datatransport:18.1.7] AndroidManifest.xml:29:17-82
122            <meta-data
122-->[com.google.firebase:firebase-iid:21.1.0] AndroidManifest.xml:32:13-34:85
123                android:name="com.google.firebase.components:com.google.firebase.iid.Registrar"
123-->[com.google.firebase:firebase-iid:21.1.0] AndroidManifest.xml:33:17-96
124                android:value="com.google.firebase.components.ComponentRegistrar" />
124-->[com.google.firebase:firebase-iid:21.1.0] AndroidManifest.xml:34:17-82
125            <meta-data
125-->[com.google.firebase:firebase-installations:17.1.3] AndroidManifest.xml:17:13-19:85
126                android:name="com.google.firebase.components:com.google.firebase.installations.FirebaseInstallationsRegistrar"
126-->[com.google.firebase:firebase-installations:17.1.3] AndroidManifest.xml:18:17-127
127                android:value="com.google.firebase.components.ComponentRegistrar" />
127-->[com.google.firebase:firebase-installations:17.1.3] AndroidManifest.xml:19:17-82
128        </service>
129
130        <provider
130-->[:firebase_messaging] AndroidManifest.xml:43:9-47:38
131            android:name="io.flutter.plugins.firebase.messaging.FlutterFirebaseMessagingInitProvider"
131-->[:firebase_messaging] AndroidManifest.xml:44:13-102
132            android:authorities="com.schoolbusbd.bus.flutterfirebasemessaginginitprovider"
132-->[:firebase_messaging] AndroidManifest.xml:45:13-88
133            android:exported="false"
133-->[:firebase_messaging] AndroidManifest.xml:46:13-37
134            android:initOrder="99" />
134-->[:firebase_messaging] AndroidManifest.xml:47:13-35
135
136        <receiver
136-->[:flutter_local_notifications] AndroidManifest.xml:16:9-18:40
137            android:name="com.dexterous.flutterlocalnotifications.ActionBroadcastReceiver"
137-->[:flutter_local_notifications] AndroidManifest.xml:17:13-91
138            android:exported="false" />
138-->[:flutter_local_notifications] AndroidManifest.xml:18:13-37
139        <receiver
139-->[:flutter_local_notifications] AndroidManifest.xml:19:9-21:40
140            android:name="com.dexterous.flutterlocalnotifications.ScheduledNotificationReceiver"
140-->[:flutter_local_notifications] AndroidManifest.xml:20:13-97
141            android:exported="false" />
141-->[:flutter_local_notifications] AndroidManifest.xml:21:13-37
142        <receiver
142-->[:flutter_local_notifications] AndroidManifest.xml:22:9-31:20
143            android:name="com.dexterous.flutterlocalnotifications.ScheduledNotificationBootReceiver"
143-->[:flutter_local_notifications] AndroidManifest.xml:23:13-101
144            android:exported="false" >
144-->[:flutter_local_notifications] AndroidManifest.xml:24:13-37
145            <intent-filter>
145-->[:flutter_local_notifications] AndroidManifest.xml:25:13-30:29
146                <action android:name="android.intent.action.BOOT_COMPLETED" />
146-->[:flutter_local_notifications] AndroidManifest.xml:26:17-79
146-->[:flutter_local_notifications] AndroidManifest.xml:26:25-76
147                <action android:name="android.intent.action.MY_PACKAGE_REPLACED" />
147-->[:flutter_local_notifications] AndroidManifest.xml:27:17-84
147-->[:flutter_local_notifications] AndroidManifest.xml:27:25-81
148                <action android:name="android.intent.action.QUICKBOOT_POWERON" />
148-->[:flutter_local_notifications] AndroidManifest.xml:28:17-82
148-->[:flutter_local_notifications] AndroidManifest.xml:28:25-79
149                <action android:name="com.htc.intent.action.QUICKBOOT_POWERON" />
149-->[:flutter_local_notifications] AndroidManifest.xml:29:17-82
149-->[:flutter_local_notifications] AndroidManifest.xml:29:25-79
150            </intent-filter>
151        </receiver>
152
153        <service
153-->[:location] AndroidManifest.xml:13:9-17:56
154            android:name="com.lyokone.location.FlutterLocationService"
154-->[:location] AndroidManifest.xml:14:13-71
155            android:enabled="true"
155-->[:location] AndroidManifest.xml:15:13-35
156            android:exported="false"
156-->[:location] AndroidManifest.xml:16:13-37
157            android:foregroundServiceType="location" />
157-->[:location] AndroidManifest.xml:17:13-53
158
159        <uses-library
159-->[androidx.window:window:1.0.0-beta04] AndroidManifest.xml:25:9-27:40
160            android:name="androidx.window.extensions"
160-->[androidx.window:window:1.0.0-beta04] AndroidManifest.xml:26:13-54
161            android:required="false" />
161-->[androidx.window:window:1.0.0-beta04] AndroidManifest.xml:27:13-37
162        <uses-library
162-->[androidx.window:window:1.0.0-beta04] AndroidManifest.xml:28:9-30:40
163            android:name="androidx.window.sidecar"
163-->[androidx.window:window:1.0.0-beta04] AndroidManifest.xml:29:13-51
164            android:required="false" />
164-->[androidx.window:window:1.0.0-beta04] AndroidManifest.xml:30:13-37
165
166        <receiver
166-->[com.google.firebase:firebase-messaging:23.2.0] AndroidManifest.xml:31:9-38:20
167            android:name="com.google.firebase.iid.FirebaseInstanceIdReceiver"
167-->[com.google.firebase:firebase-messaging:23.2.0] AndroidManifest.xml:32:13-78
168            android:exported="true"
168-->[com.google.firebase:firebase-messaging:23.2.0] AndroidManifest.xml:33:13-36
169            android:permission="com.google.android.c2dm.permission.SEND" >
169-->[com.google.firebase:firebase-messaging:23.2.0] AndroidManifest.xml:34:13-73
170            <intent-filter>
170-->[:firebase_messaging] AndroidManifest.xml:32:13-34:29
171                <action android:name="com.google.android.c2dm.intent.RECEIVE" />
171-->[:firebase_messaging] AndroidManifest.xml:33:17-81
171-->[:firebase_messaging] AndroidManifest.xml:33:25-78
172            </intent-filter>
173        </receiver>
174        <!--
175             FirebaseMessagingService performs security checks at runtime,
176             but set to not exported to explicitly avoid allowing another app to call it.
177        -->
178        <service
178-->[com.google.firebase:firebase-messaging:23.2.0] AndroidManifest.xml:44:9-51:19
179            android:name="com.google.firebase.messaging.FirebaseMessagingService"
179-->[com.google.firebase:firebase-messaging:23.2.0] AndroidManifest.xml:45:13-82
180            android:directBootAware="true"
180-->[com.google.firebase:firebase-messaging:23.2.0] AndroidManifest.xml:46:13-43
181            android:exported="false" >
181-->[com.google.firebase:firebase-messaging:23.2.0] AndroidManifest.xml:47:13-37
182            <intent-filter android:priority="-500" >
182-->[:firebase_messaging] AndroidManifest.xml:23:13-25:29
183                <action android:name="com.google.firebase.MESSAGING_EVENT" />
183-->[:firebase_messaging] AndroidManifest.xml:24:17-78
183-->[:firebase_messaging] AndroidManifest.xml:24:25-75
184            </intent-filter>
185        </service>
186        <service
186-->[com.google.android.datatransport:transport-backend-cct:3.1.8] AndroidManifest.xml:28:9-34:19
187            android:name="com.google.android.datatransport.runtime.backends.TransportBackendDiscovery"
187-->[com.google.android.datatransport:transport-backend-cct:3.1.8] AndroidManifest.xml:29:13-103
188            android:exported="false" >
188-->[com.google.android.datatransport:transport-backend-cct:3.1.8] AndroidManifest.xml:30:13-37
189            <meta-data
189-->[com.google.android.datatransport:transport-backend-cct:3.1.8] AndroidManifest.xml:31:13-33:39
190                android:name="backend:com.google.android.datatransport.cct.CctBackendFactory"
190-->[com.google.android.datatransport:transport-backend-cct:3.1.8] AndroidManifest.xml:32:17-94
191                android:value="cct" />
191-->[com.google.android.datatransport:transport-backend-cct:3.1.8] AndroidManifest.xml:33:17-36
192        </service>
193        <service
193-->[com.google.android.datatransport:transport-runtime:3.1.8] AndroidManifest.xml:26:9-30:19
194            android:name="com.google.android.datatransport.runtime.scheduling.jobscheduling.JobInfoSchedulerService"
194-->[com.google.android.datatransport:transport-runtime:3.1.8] AndroidManifest.xml:27:13-117
195            android:exported="false"
195-->[com.google.android.datatransport:transport-runtime:3.1.8] AndroidManifest.xml:28:13-37
196            android:permission="android.permission.BIND_JOB_SERVICE" >
196-->[com.google.android.datatransport:transport-runtime:3.1.8] AndroidManifest.xml:29:13-69
197        </service>
198
199        <receiver
199-->[com.google.android.datatransport:transport-runtime:3.1.8] AndroidManifest.xml:32:9-34:40
200            android:name="com.google.android.datatransport.runtime.scheduling.jobscheduling.AlarmManagerSchedulerBroadcastReceiver"
200-->[com.google.android.datatransport:transport-runtime:3.1.8] AndroidManifest.xml:33:13-132
201            android:exported="false" />
201-->[com.google.android.datatransport:transport-runtime:3.1.8] AndroidManifest.xml:34:13-37
202
203        <provider
203-->[com.google.firebase:firebase-common:20.3.3] AndroidManifest.xml:25:9-30:39
204            android:name="com.google.firebase.provider.FirebaseInitProvider"
204-->[com.google.firebase:firebase-common:20.3.3] AndroidManifest.xml:26:13-77
205            android:authorities="com.schoolbusbd.bus.firebaseinitprovider"
205-->[com.google.firebase:firebase-common:20.3.3] AndroidManifest.xml:27:13-72
206            android:directBootAware="true"
206-->[com.google.firebase:firebase-common:20.3.3] AndroidManifest.xml:28:13-43
207            android:exported="false"
207-->[com.google.firebase:firebase-common:20.3.3] AndroidManifest.xml:29:13-37
208            android:initOrder="100" /> <!-- Needs to be explicitly declared on P+ -->
208-->[com.google.firebase:firebase-common:20.3.3] AndroidManifest.xml:30:13-36
209        <uses-library
209-->[com.google.android.gms:play-services-maps:18.1.0] AndroidManifest.xml:39:9-41:40
210            android:name="org.apache.http.legacy"
210-->[com.google.android.gms:play-services-maps:18.1.0] AndroidManifest.xml:40:13-50
211            android:required="false" />
211-->[com.google.android.gms:play-services-maps:18.1.0] AndroidManifest.xml:41:13-37
212
213        <activity
213-->[com.google.android.gms:play-services-base:18.0.1] AndroidManifest.xml:20:9-22:45
214            android:name="com.google.android.gms.common.api.GoogleApiActivity"
214-->[com.google.android.gms:play-services-base:18.0.1] AndroidManifest.xml:20:19-85
215            android:exported="false"
215-->[com.google.android.gms:play-services-base:18.0.1] AndroidManifest.xml:22:19-43
216            android:theme="@android:style/Theme.Translucent.NoTitleBar" />
216-->[com.google.android.gms:play-services-base:18.0.1] AndroidManifest.xml:21:19-78
217
218        <meta-data
218-->[com.google.android.gms:play-services-basement:18.1.0] AndroidManifest.xml:21:9-23:69
219            android:name="com.google.android.gms.version"
219-->[com.google.android.gms:play-services-basement:18.1.0] AndroidManifest.xml:22:13-58
220            android:value="@integer/google_play_services_version" />
220-->[com.google.android.gms:play-services-basement:18.1.0] AndroidManifest.xml:23:13-66
221    </application>
222
223</manifest>